2024/08/06 18:48:06 [notice] 1#1: using the "epoll" event method
2024/08/06 18:48:06 [notice] 1#1: nginx/1.27.0
2024/08/06 18:48:06 [notice] 1#1: built by gcc 13.2.1 20231014 (Alpine 13.2.1_git20231014) 
2024/08/06 18:48:06 [notice] 1#1: OS: Linux 6.6.32-linuxkit
2024/08/06 18:48:06 [notice] 1#1: getrlimit(RLIMIT_NOFILE): 1048576:1048576
2024/08/06 18:48:06 [notice] 1#1: start worker processes
2024/08/06 18:48:06 [notice] 1#1: start worker process 29
2024/08/06 18:48:06 [notice] 1#1: start worker process 30
2024/08/06 18:48:06 [notice] 1#1: start worker process 31
2024/08/06 18:48:06 [notice] 1#1: start worker process 32
2024/08/06 18:48:06 [notice] 1#1: start worker process 33
2024/08/06 18:48:06 [notice] 1#1: start worker process 34
2024/08/06 18:48:06 [notice] 1#1: start worker process 35
2024/08/06 18:48:06 [notice] 1#1: start worker process 36
2024/08/06 21:22:30 [notice] 1#1: signal 3 (SIGQUIT) received, shutting down
2024/08/06 21:22:30 [notice] 31#31: gracefully shutting down
2024/08/06 21:22:30 [notice] 32#32: gracefully shutting down
2024/08/06 21:22:30 [notice] 33#33: gracefully shutting down
2024/08/06 21:22:30 [notice] 36#36: gracefully shutting down
2024/08/06 21:22:30 [notice] 35#35: gracefully shutting down
2024/08/06 21:22:30 [notice] 35#35: exiting
2024/08/06 21:22:30 [notice] 29#29: gracefully shutting down
2024/08/06 21:22:30 [notice] 34#34: gracefully shutting down
2024/08/06 21:22:30 [notice] 31#31: exiting
2024/08/06 21:22:30 [notice] 30#30: gracefully shutting down
2024/08/06 21:22:30 [notice] 32#32: exiting
2024/08/06 21:22:30 [notice] 32#32: exit
2024/08/06 21:22:30 [notice] 33#33: exiting
2024/08/06 21:22:30 [notice] 36#36: exiting
2024/08/06 21:22:30 [notice] 35#35: exit
2024/08/06 21:22:30 [notice] 29#29: exiting
2024/08/06 21:22:30 [notice] 34#34: exiting
2024/08/06 21:22:30 [notice] 31#31: exit
2024/08/06 21:22:30 [notice] 30#30: exiting
2024/08/06 21:22:30 [notice] 33#33: exit
2024/08/06 21:22:30 [notice] 36#36: exit
2024/08/06 21:22:30 [notice] 29#29: exit
2024/08/06 21:22:30 [notice] 34#34: exit
2024/08/06 21:22:30 [notice] 30#30: exit
2024/08/06 21:22:30 [notice] 1#1: signal 17 (SIGCHLD) received from 32
2024/08/06 21:22:30 [notice] 1#1: worker process 32 exited with code 0
2024/08/06 21:22:30 [notice] 1#1: signal 29 (SIGIO) received
2024/08/06 21:22:30 [notice] 1#1: signal 17 (SIGCHLD) received from 34
2024/08/06 21:22:30 [notice] 1#1: worker process 29 exited with code 0
2024/08/06 21:22:30 [notice] 1#1: worker process 30 exited with code 0
2024/08/06 21:22:30 [notice] 1#1: worker process 31 exited with code 0
2024/08/06 21:22:30 [notice] 1#1: worker process 34 exited with code 0
2024/08/06 21:22:30 [notice] 1#1: worker process 35 exited with code 0
2024/08/06 21:22:30 [notice] 1#1: worker process 36 exited with code 0
2024/08/06 21:22:30 [notice] 1#1: signal 29 (SIGIO) received
2024/08/06 21:22:30 [notice] 1#1: signal 17 (SIGCHLD) received from 31
2024/08/06 21:22:30 [notice] 1#1: signal 17 (SIGCHLD) received from 33
2024/08/06 21:22:30 [notice] 1#1: worker process 33 exited with code 0
2024/08/06 21:22:30 [notice] 1#1: exit
2024/08/06 21:23:24 [notice] 1#1: using the "epoll" event method
2024/08/06 21:23:24 [notice] 1#1: nginx/1.27.0
2024/08/06 21:23:24 [notice] 1#1: built by gcc 13.2.1 20231014 (Alpine 13.2.1_git20231014) 
2024/08/06 21:23:24 [notice] 1#1: OS: Linux 6.6.32-linuxkit
2024/08/06 21:23:24 [notice] 1#1: getrlimit(RLIMIT_NOFILE): 1048576:1048576
2024/08/06 21:23:24 [notice] 1#1: start worker processes
2024/08/06 21:23:24 [notice] 1#1: start worker process 29
2024/08/06 21:23:24 [notice] 1#1: start worker process 30
2024/08/06 21:23:24 [notice] 1#1: start worker process 31
2024/08/06 21:23:24 [notice] 1#1: start worker process 32
2024/08/06 21:23:24 [notice] 1#1: start worker process 33
2024/08/06 21:23:24 [notice] 1#1: start worker process 34
2024/08/06 21:23:24 [notice] 1#1: start worker process 35
2024/08/06 21:23:24 [notice] 1#1: start worker process 36
2024/08/06 23:13:53 [notice] 1#1: signal 3 (SIGQUIT) received, shutting down
2024/08/06 23:13:53 [notice] 30#30: gracefully shutting down
2024/08/06 23:13:53 [notice] 29#29: gracefully shutting down
2024/08/06 23:13:53 [notice] 33#33: gracefully shutting down
2024/08/06 23:13:53 [notice] 33#33: exiting
2024/08/06 23:13:53 [notice] 35#35: gracefully shutting down
2024/08/06 23:13:53 [notice] 36#36: gracefully shutting down
2024/08/06 23:13:53 [notice] 36#36: exiting
2024/08/06 23:13:53 [notice] 32#32: gracefully shutting down
2024/08/06 23:13:53 [notice] 32#32: exiting
2024/08/06 23:13:53 [notice] 34#34: gracefully shutting down
2024/08/06 23:13:53 [notice] 32#32: exit
2024/08/06 23:13:53 [notice] 31#31: gracefully shutting down
2024/08/06 23:13:53 [notice] 30#30: exiting
2024/08/06 23:13:53 [notice] 29#29: exiting
2024/08/06 23:13:53 [notice] 33#33: exit
2024/08/06 23:13:53 [notice] 35#35: exiting
2024/08/06 23:13:53 [notice] 36#36: exit
2024/08/06 23:13:53 [notice] 34#34: exiting
2024/08/06 23:13:53 [notice] 31#31: exiting
2024/08/06 23:13:53 [notice] 30#30: exit
2024/08/06 23:13:53 [notice] 29#29: exit
2024/08/06 23:13:53 [notice] 35#35: exit
2024/08/06 23:13:53 [notice] 34#34: exit
2024/08/06 23:13:53 [notice] 31#31: exit
2024/08/06 23:13:53 [notice] 1#1: signal 17 (SIGCHLD) received from 36
2024/08/06 23:13:53 [notice] 1#1: worker process 32 exited with code 0
2024/08/06 23:13:53 [notice] 1#1: worker process 33 exited with code 0
2024/08/06 23:13:53 [notice] 1#1: worker process 36 exited with code 0
2024/08/06 23:13:53 [notice] 1#1: signal 29 (SIGIO) received
2024/08/06 23:13:53 [notice] 1#1: signal 17 (SIGCHLD) received from 33
2024/08/06 23:13:53 [notice] 1#1: signal 17 (SIGCHLD) received from 29
2024/08/06 23:13:53 [notice] 1#1: worker process 29 exited with code 0
2024/08/06 23:13:53 [notice] 1#1: worker process 30 exited with code 0
2024/08/06 23:13:53 [notice] 1#1: worker process 31 exited with code 0
2024/08/06 23:13:53 [notice] 1#1: worker process 35 exited with code 0
2024/08/06 23:13:53 [notice] 1#1: signal 29 (SIGIO) received
2024/08/06 23:13:53 [notice] 1#1: signal 17 (SIGCHLD) received from 35
2024/08/06 23:13:53 [notice] 1#1: signal 17 (SIGCHLD) received from 34
2024/08/06 23:13:53 [notice] 1#1: worker process 34 exited with code 0
2024/08/06 23:13:53 [notice] 1#1: exit
2024/08/06 23:29:55 [notice] 1#1: using the "epoll" event method
2024/08/06 23:29:55 [notice] 1#1: nginx/1.27.0
2024/08/06 23:29:55 [notice] 1#1: built by gcc 13.2.1 20231014 (Alpine 13.2.1_git20231014) 
2024/08/06 23:29:55 [notice] 1#1: OS: Linux 6.6.32-linuxkit
2024/08/06 23:29:55 [notice] 1#1: getrlimit(RLIMIT_NOFILE): 1048576:1048576
2024/08/06 23:29:55 [notice] 1#1: start worker processes
2024/08/06 23:29:55 [notice] 1#1: start worker process 29
2024/08/06 23:29:55 [notice] 1#1: start worker process 30
2024/08/06 23:29:55 [notice] 1#1: start worker process 31
2024/08/06 23:29:55 [notice] 1#1: start worker process 32
2024/08/06 23:29:55 [notice] 1#1: start worker process 33
2024/08/06 23:29:55 [notice] 1#1: start worker process 34
2024/08/06 23:29:55 [notice] 1#1: start worker process 35
2024/08/06 23:29:55 [notice] 1#1: start worker process 36
2024/08/07 14:54:55 [notice] 1#1: signal 3 (SIGQUIT) received, shutting down
2024/08/07 14:54:55 [notice] 29#29: gracefully shutting down
2024/08/07 14:54:55 [notice] 29#29: exiting
2024/08/07 14:54:55 [notice] 31#31: gracefully shutting down
2024/08/07 14:54:55 [notice] 31#31: exiting
2024/08/07 14:54:55 [notice] 30#30: gracefully shutting down
2024/08/07 14:54:55 [notice] 30#30: exiting
2024/08/07 14:54:55 [notice] 33#33: gracefully shutting down
2024/08/07 14:54:55 [notice] 33#33: exiting
2024/08/07 14:54:55 [notice] 32#32: gracefully shutting down
2024/08/07 14:54:55 [notice] 34#34: gracefully shutting down
2024/08/07 14:54:55 [notice] 34#34: exiting
2024/08/07 14:54:55 [notice] 35#35: gracefully shutting down
2024/08/07 14:54:55 [notice] 35#35: exiting
2024/08/07 14:54:55 [notice] 36#36: gracefully shutting down
2024/08/07 14:54:55 [notice] 29#29: exit
2024/08/07 14:54:55 [notice] 31#31: exit
2024/08/07 14:54:55 [notice] 30#30: exit
2024/08/07 14:54:55 [notice] 33#33: exit
2024/08/07 14:54:55 [notice] 32#32: exiting
2024/08/07 14:54:55 [notice] 34#34: exit
2024/08/07 14:54:55 [notice] 35#35: exit
2024/08/07 14:54:55 [notice] 36#36: exiting
2024/08/07 14:54:55 [notice] 32#32: exit
2024/08/07 14:54:55 [notice] 36#36: exit
2024/08/07 14:54:55 [notice] 1#1: signal 17 (SIGCHLD) received from 29
2024/08/07 14:54:55 [notice] 1#1: worker process 29 exited with code 0
2024/08/07 14:54:55 [notice] 1#1: signal 29 (SIGIO) received
2024/08/07 14:54:55 [notice] 1#1: signal 17 (SIGCHLD) received from 32
2024/08/07 14:54:55 [notice] 1#1: worker process 30 exited with code 0
2024/08/07 14:54:55 [notice] 1#1: worker process 31 exited with code 0
2024/08/07 14:54:55 [notice] 1#1: worker process 32 exited with code 0
2024/08/07 14:54:55 [notice] 1#1: worker process 33 exited with code 0
2024/08/07 14:54:55 [notice] 1#1: worker process 34 exited with code 0
2024/08/07 14:54:55 [notice] 1#1: worker process 35 exited with code 0
2024/08/07 14:54:55 [notice] 1#1: worker process 36 exited with code 0
2024/08/07 14:54:55 [notice] 1#1: exit
2024/08/07 15:08:46 [notice] 1#1: using the "epoll" event method
2024/08/07 15:08:46 [notice] 1#1: nginx/1.27.0
2024/08/07 15:08:46 [notice] 1#1: built by gcc 13.2.1 20231014 (Alpine 13.2.1_git20231014) 
2024/08/07 15:08:46 [notice] 1#1: OS: Linux 6.6.32-linuxkit
2024/08/07 15:08:46 [notice] 1#1: getrlimit(RLIMIT_NOFILE): 1048576:1048576
2024/08/07 15:08:46 [notice] 1#1: start worker processes
2024/08/07 15:08:46 [notice] 1#1: start worker process 29
2024/08/07 15:08:46 [notice] 1#1: start worker process 30
2024/08/07 15:08:46 [notice] 1#1: start worker process 31
2024/08/07 15:08:46 [notice] 1#1: start worker process 32
2024/08/07 15:08:46 [notice] 1#1: start worker process 33
2024/08/07 15:08:46 [notice] 1#1: start worker process 34
2024/08/07 15:08:46 [notice] 1#1: start worker process 35
2024/08/07 15:08:46 [notice] 1#1: start worker process 36
2024/08/07 15:11:37 [warn] 29#29: *1 an upstream response is buffered to a temporary file /var/cache/nginx/fastcgi_temp/1/00/0000000001 while reading upstream, client: 192.168.65.1, server: , request: "POST /login HTTP/1.1", upstream: "fastcgi://172.19.0.3:9000", host: "localhost:8080", referrer: "http://localhost:8080/login"
2024/08/07 15:25:30 [warn] 31#31: *4 an upstream response is buffered to a temporary file /var/cache/nginx/fastcgi_temp/2/00/0000000002 while reading upstream, client: 192.168.65.1, server: , request: "POST /login HTTP/1.1", upstream: "fastcgi://172.19.0.3:9000", host: "localhost:8080", referrer: "http://localhost:8080/login"
2024/08/07 15:29:45 [notice] 1#1: signal 3 (SIGQUIT) received, shutting down
2024/08/07 15:29:45 [notice] 29#29: gracefully shutting down
2024/08/07 15:29:45 [notice] 29#29: exiting
2024/08/07 15:29:45 [notice] 32#32: gracefully shutting down
2024/08/07 15:29:45 [notice] 32#32: exiting
2024/08/07 15:29:45 [notice] 30#30: gracefully shutting down
2024/08/07 15:29:45 [notice] 30#30: exiting
2024/08/07 15:29:45 [notice] 31#31: gracefully shutting down
2024/08/07 15:29:45 [notice] 31#31: exiting
2024/08/07 15:29:45 [notice] 34#34: gracefully shutting down
2024/08/07 15:29:45 [notice] 34#34: exiting
2024/08/07 15:29:45 [notice] 33#33: gracefully shutting down
2024/08/07 15:29:45 [notice] 33#33: exiting
2024/08/07 15:29:45 [notice] 35#35: gracefully shutting down
2024/08/07 15:29:45 [notice] 36#36: gracefully shutting down
2024/08/07 15:29:45 [notice] 36#36: exiting
2024/08/07 15:29:45 [notice] 29#29: exit
2024/08/07 15:29:45 [notice] 32#32: exit
2024/08/07 15:29:45 [notice] 30#30: exit
2024/08/07 15:29:45 [notice] 31#31: exit
2024/08/07 15:29:45 [notice] 34#34: exit
2024/08/07 15:29:45 [notice] 33#33: exit
2024/08/07 15:29:45 [notice] 35#35: exiting
2024/08/07 15:29:45 [notice] 36#36: exit
2024/08/07 15:29:45 [notice] 35#35: exit
2024/08/07 15:29:45 [notice] 1#1: signal 17 (SIGCHLD) received from 30
2024/08/07 15:29:45 [notice] 1#1: worker process 29 exited with code 0
2024/08/07 15:29:45 [notice] 1#1: worker process 30 exited with code 0
2024/08/07 15:29:45 [notice] 1#1: worker process 31 exited with code 0
2024/08/07 15:29:45 [notice] 1#1: worker process 32 exited with code 0
2024/08/07 15:29:45 [notice] 1#1: worker process 34 exited with code 0
2024/08/07 15:29:45 [notice] 1#1: signal 29 (SIGIO) received
2024/08/07 15:29:45 [notice] 1#1: signal 17 (SIGCHLD) received from 29
2024/08/07 15:29:45 [notice] 1#1: signal 17 (SIGCHLD) received from 36
2024/08/07 15:29:45 [notice] 1#1: worker process 35 exited with code 0
2024/08/07 15:29:45 [notice] 1#1: worker process 36 exited with code 0
2024/08/07 15:29:45 [notice] 1#1: signal 29 (SIGIO) received
2024/08/07 15:29:45 [notice] 1#1: signal 17 (SIGCHLD) received from 33
2024/08/07 15:29:45 [notice] 1#1: worker process 33 exited with code 0
2024/08/07 15:29:45 [notice] 1#1: exit
2024/08/07 15:30:13 [notice] 1#1: using the "epoll" event method
2024/08/07 15:30:13 [notice] 1#1: nginx/1.27.0
2024/08/07 15:30:13 [notice] 1#1: built by gcc 13.2.1 20231014 (Alpine 13.2.1_git20231014) 
2024/08/07 15:30:13 [notice] 1#1: OS: Linux 6.6.32-linuxkit
2024/08/07 15:30:13 [notice] 1#1: getrlimit(RLIMIT_NOFILE): 1048576:1048576
2024/08/07 15:30:13 [notice] 1#1: start worker processes
2024/08/07 15:30:13 [notice] 1#1: start worker process 29
2024/08/07 15:30:13 [notice] 1#1: start worker process 30
2024/08/07 15:30:13 [notice] 1#1: start worker process 31
2024/08/07 15:30:13 [notice] 1#1: start worker process 32
2024/08/07 15:30:13 [notice] 1#1: start worker process 33
2024/08/07 15:30:13 [notice] 1#1: start worker process 34
2024/08/07 15:30:13 [notice] 1#1: start worker process 35
2024/08/07 15:30:13 [notice] 1#1: start worker process 36
2024/08/07 15:30:25 [warn] 29#29: *1 an upstream response is buffered to a temporary file /var/cache/nginx/fastcgi_temp/1/00/0000000001 while reading upstream, client: 192.168.65.1, server: , request: "POST /login HTTP/1.1", upstream: "fastcgi://172.19.0.3:9000", host: "localhost:8080", referrer: "http://localhost:8080/login"
2024/08/07 15:31:02 [warn] 30#30: *3 an upstream response is buffered to a temporary file /var/cache/nginx/fastcgi_temp/2/00/0000000002 while reading upstream, client: 192.168.65.1, server: , request: "POST /login HTTP/1.1", upstream: "fastcgi://172.19.0.3:9000", host: "localhost:8080", referrer: "http://localhost:8080/login"
2024/08/07 15:33:38 [notice] 1#1: signal 3 (SIGQUIT) received, shutting down
2024/08/07 15:33:38 [notice] 29#29: gracefully shutting down
2024/08/07 15:33:38 [notice] 33#33: gracefully shutting down
2024/08/07 15:33:38 [notice] 33#33: exiting
2024/08/07 15:33:38 [notice] 34#34: gracefully shutting down
2024/08/07 15:33:38 [notice] 34#34: exiting
2024/08/07 15:33:38 [notice] 31#31: gracefully shutting down
2024/08/07 15:33:38 [notice] 30#30: gracefully shutting down
2024/08/07 15:33:38 [notice] 32#32: gracefully shutting down
2024/08/07 15:33:38 [notice] 32#32: exiting
2024/08/07 15:33:38 [notice] 35#35: gracefully shutting down
2024/08/07 15:33:38 [notice] 35#35: exiting
2024/08/07 15:33:38 [notice] 36#36: gracefully shutting down
2024/08/07 15:33:38 [notice] 29#29: exiting
2024/08/07 15:33:38 [notice] 33#33: exit
2024/08/07 15:33:38 [notice] 34#34: exit
2024/08/07 15:33:38 [notice] 31#31: exiting
2024/08/07 15:33:38 [notice] 30#30: exiting
2024/08/07 15:33:38 [notice] 31#31: exit
2024/08/07 15:33:38 [notice] 32#32: exit
2024/08/07 15:33:38 [notice] 35#35: exit
2024/08/07 15:33:38 [notice] 36#36: exiting
2024/08/07 15:33:38 [notice] 29#29: exit
2024/08/07 15:33:38 [notice] 30#30: exit
2024/08/07 15:33:38 [notice] 36#36: exit
2024/08/07 15:33:38 [notice] 1#1: signal 17 (SIGCHLD) received from 34
2024/08/07 15:33:38 [notice] 1#1: worker process 30 exited with code 0
2024/08/07 15:33:38 [notice] 1#1: worker process 31 exited with code 0
2024/08/07 15:33:38 [notice] 1#1: worker process 32 exited with code 0
2024/08/07 15:33:38 [notice] 1#1: worker process 33 exited with code 0
2024/08/07 15:33:38 [notice] 1#1: worker process 34 exited with code 0
2024/08/07 15:33:38 [notice] 1#1: worker process 35 exited with code 0
2024/08/07 15:33:38 [notice] 1#1: signal 29 (SIGIO) received
2024/08/07 15:33:38 [notice] 1#1: signal 17 (SIGCHLD) received from 30
2024/08/07 15:33:38 [notice] 1#1: worker process 29 exited with code 0
2024/08/07 15:33:38 [notice] 1#1: worker process 36 exited with code 0
2024/08/07 15:33:38 [notice] 1#1: exit
2024/08/07 15:34:08 [notice] 1#1: using the "epoll" event method
2024/08/07 15:34:08 [notice] 1#1: nginx/1.27.0
2024/08/07 15:34:08 [notice] 1#1: built by gcc 13.2.1 20231014 (Alpine 13.2.1_git20231014) 
2024/08/07 15:34:08 [notice] 1#1: OS: Linux 6.6.32-linuxkit
2024/08/07 15:34:08 [notice] 1#1: getrlimit(RLIMIT_NOFILE): 1048576:1048576
2024/08/07 15:34:08 [notice] 1#1: start worker processes
2024/08/07 15:34:08 [notice] 1#1: start worker process 29
2024/08/07 15:34:08 [notice] 1#1: start worker process 30
2024/08/07 15:34:08 [notice] 1#1: start worker process 31
2024/08/07 15:34:08 [notice] 1#1: start worker process 32
2024/08/07 15:34:08 [notice] 1#1: start worker process 33
2024/08/07 15:34:08 [notice] 1#1: start worker process 34
2024/08/07 15:34:08 [notice] 1#1: start worker process 35
2024/08/07 15:34:08 [notice] 1#1: start worker process 36
2024/08/07 15:35:05 [warn] 29#29: *1 an upstream response is buffered to a temporary file /var/cache/nginx/fastcgi_temp/1/00/0000000001 while reading upstream, client: 192.168.65.1, server: , request: "POST /login HTTP/1.1", upstream: "fastcgi://172.19.0.3:9000", host: "localhost:8080", referrer: "http://localhost:8080/login"
2024/08/07 15:57:25 [warn] 33#33: *10 an upstream response is buffered to a temporary file /var/cache/nginx/fastcgi_temp/2/00/0000000002 while reading upstream, client: 192.168.65.1, server: , request: "POST /login HTTP/1.1", upstream: "fastcgi://172.19.0.3:9000", host: "localhost:8080", referrer: "http://localhost:8080/login"
2024/08/07 16:13:46 [warn] 29#29: *22 an upstream response is buffered to a temporary file /var/cache/nginx/fastcgi_temp/3/00/0000000003 while reading upstream, client: 192.168.65.1, server: , request: "POST /login HTTP/1.1", upstream: "fastcgi://172.19.0.3:9000", host: "localhost:8080", referrer: "http://localhost:8080/login"
2024/08/07 17:17:14 [notice] 1#1: signal 3 (SIGQUIT) received, shutting down
2024/08/07 17:17:14 [notice] 29#29: gracefully shutting down
2024/08/07 17:17:14 [notice] 29#29: exiting
2024/08/07 17:17:14 [notice] 30#30: gracefully shutting down
2024/08/07 17:17:14 [notice] 33#33: gracefully shutting down
2024/08/07 17:17:14 [notice] 34#34: gracefully shutting down
2024/08/07 17:17:14 [notice] 34#34: exiting
2024/08/07 17:17:14 [notice] 35#35: gracefully shutting down
2024/08/07 17:17:14 [notice] 36#36: gracefully shutting down
2024/08/07 17:17:14 [notice] 36#36: exiting
2024/08/07 17:17:14 [notice] 31#31: gracefully shutting down
2024/08/07 17:17:14 [notice] 31#31: exiting
2024/08/07 17:17:14 [notice] 32#32: gracefully shutting down
2024/08/07 17:17:14 [notice] 32#32: exiting
2024/08/07 17:17:14 [notice] 29#29: exit
2024/08/07 17:17:14 [notice] 30#30: exiting
2024/08/07 17:17:14 [notice] 33#33: exiting
2024/08/07 17:17:14 [notice] 34#34: exit
2024/08/07 17:17:14 [notice] 35#35: exiting
2024/08/07 17:17:14 [notice] 36#36: exit
2024/08/07 17:17:14 [notice] 31#31: exit
2024/08/07 17:17:14 [notice] 32#32: exit
2024/08/07 17:17:14 [notice] 30#30: exit
2024/08/07 17:17:14 [notice] 33#33: exit
2024/08/07 17:17:14 [notice] 35#35: exit
2024/08/07 17:17:14 [notice] 1#1: signal 17 (SIGCHLD) received from 31
2024/08/07 17:17:14 [notice] 1#1: worker process 31 exited with code 0
2024/08/07 17:17:14 [notice] 1#1: signal 29 (SIGIO) received
2024/08/07 17:17:14 [notice] 1#1: signal 17 (SIGCHLD) received from 35
2024/08/07 17:17:14 [notice] 1#1: worker process 29 exited with code 0
2024/08/07 17:17:14 [notice] 1#1: worker process 30 exited with code 0
2024/08/07 17:17:14 [notice] 1#1: worker process 32 exited with code 0
2024/08/07 17:17:14 [notice] 1#1: worker process 33 exited with code 0
2024/08/07 17:17:14 [notice] 1#1: worker process 34 exited with code 0
2024/08/07 17:17:14 [notice] 1#1: worker process 35 exited with code 0
2024/08/07 17:17:14 [notice] 1#1: worker process 36 exited with code 0
2024/08/07 17:17:14 [notice] 1#1: exit
2024/08/07 17:17:25 [emerg] 1#1: host not found in upstream "php" in /etc/nginx/conf.d/default.conf:18
2024/08/07 17:17:32 [notice] 1#1: using the "epoll" event method
2024/08/07 17:17:32 [notice] 1#1: nginx/1.27.0
2024/08/07 17:17:32 [notice] 1#1: built by gcc 13.2.1 20231014 (Alpine 13.2.1_git20231014) 
2024/08/07 17:17:32 [notice] 1#1: OS: Linux 6.6.32-linuxkit
2024/08/07 17:17:32 [notice] 1#1: getrlimit(RLIMIT_NOFILE): 1048576:1048576
2024/08/07 17:17:32 [notice] 1#1: start worker processes
2024/08/07 17:17:32 [notice] 1#1: start worker process 29
2024/08/07 17:17:32 [notice] 1#1: start worker process 30
2024/08/07 17:17:32 [notice] 1#1: start worker process 31
2024/08/07 17:17:32 [notice] 1#1: start worker process 32
2024/08/07 17:17:32 [notice] 1#1: start worker process 33
2024/08/07 17:17:32 [notice] 1#1: start worker process 34
2024/08/07 17:17:32 [notice] 1#1: start worker process 35
2024/08/07 17:17:32 [notice] 1#1: start worker process 36
2024/08/07 17:54:58 [warn] 35#35: *10 an upstream response is buffered to a temporary file /var/cache/nginx/fastcgi_temp/1/00/0000000001 while reading upstream, client: 192.168.65.1, server: , request: "POST /login HTTP/1.1", upstream: "fastcgi://172.19.0.3:9000", host: "localhost:8080", referrer: "http://localhost:8080/login"
2024/08/07 18:36:41 [warn] 29#29: *17 an upstream response is buffered to a temporary file /var/cache/nginx/fastcgi_temp/2/00/0000000002 while reading upstream, client: 192.168.65.1, server: , request: "POST /login HTTP/1.1", upstream: "fastcgi://172.19.0.3:9000", host: "localhost:8080", referrer: "http://localhost:8080/login"
2024/08/07 18:41:03 [warn] 29#29: *19 an upstream response is buffered to a temporary file /var/cache/nginx/fastcgi_temp/3/00/0000000003 while reading upstream, client: 192.168.65.1, server: , request: "POST /login HTTP/1.1", upstream: "fastcgi://172.19.0.3:9000", host: "localhost:8080", referrer: "http://localhost:8080/login"
2024/08/07 18:55:26 [warn] 29#29: *27 an upstream response is buffered to a temporary file /var/cache/nginx/fastcgi_temp/4/00/0000000004 while reading upstream, client: 192.168.65.1, server: , request: "POST /login HTTP/1.1", upstream: "fastcgi://172.19.0.3:9000", host: "localhost:8080", referrer: "http://localhost:8080/login"
2024/08/07 19:14:03 [warn] 29#29: *34 an upstream response is buffered to a temporary file /var/cache/nginx/fastcgi_temp/5/00/0000000005 while reading upstream, client: 192.168.65.1, server: , request: "POST /login HTTP/1.1", upstream: "fastcgi://172.19.0.3:9000", host: "localhost:8080", referrer: "http://localhost:8080/login"
2024/08/07 19:39:37 [warn] 29#29: *37 an upstream response is buffered to a temporary file /var/cache/nginx/fastcgi_temp/6/00/0000000006 while reading upstream, client: 192.168.65.1, server: , request: "POST /login HTTP/1.1", upstream: "fastcgi://172.19.0.3:9000", host: "localhost:8080", referrer: "http://localhost:8080/login"
2024/08/07 19:46:31 [warn] 29#29: *46 an upstream response is buffered to a temporary file /var/cache/nginx/fastcgi_temp/7/00/0000000007 while reading upstream, client: 192.168.65.1, server: , request: "POST /login HTTP/1.1", upstream: "fastcgi://172.19.0.3:9000", host: "localhost:8080", referrer: "http://localhost:8080/login"
2024/08/08 08:50:51 [warn] 30#30: *56 an upstream response is buffered to a temporary file /var/cache/nginx/fastcgi_temp/8/00/0000000008 while reading upstream, client: 192.168.65.1, server: , request: "POST /login HTTP/1.1", upstream: "fastcgi://172.19.0.3:9000", host: "localhost:8080", referrer: "http://localhost:8080/login"
2024/08/08 08:52:23 [warn] 30#30: *59 an upstream response is buffered to a temporary file /var/cache/nginx/fastcgi_temp/9/00/0000000009 while reading upstream, client: 192.168.65.1, server: , request: "POST /login HTTP/1.1", upstream: "fastcgi://172.19.0.3:9000", host: "localhost:8080", referrer: "http://localhost:8080/login"
2024/08/08 08:57:24 [warn] 30#30: *69 an upstream response is buffered to a temporary file /var/cache/nginx/fastcgi_temp/0/01/0000000010 while reading upstream, client: 192.168.65.1, server: , request: "POST /login HTTP/1.1", upstream: "fastcgi://172.19.0.3:9000", host: "localhost:8080", referrer: "http://localhost:8080/login"
2024/08/08 09:44:20 [warn] 30#30: *75 an upstream response is buffered to a temporary file /var/cache/nginx/fastcgi_temp/1/01/0000000011 while reading upstream, client: 192.168.65.1, server: , request: "POST /login HTTP/1.1", upstream: "fastcgi://172.19.0.3:9000", host: "localhost:8080", referrer: "http://localhost:8080/login"
2024/08/08 09:52:12 [warn] 30#30: *81 an upstream response is buffered to a temporary file /var/cache/nginx/fastcgi_temp/2/01/0000000012 while reading upstream, client: 192.168.65.1, server: , request: "POST /login HTTP/1.1", upstream: "fastcgi://172.19.0.3:9000", host: "localhost:8080", referrer: "http://localhost:8080/login"
2024/08/08 10:02:40 [warn] 30#30: *92 an upstream response is buffered to a temporary file /var/cache/nginx/fastcgi_temp/3/01/0000000013 while reading upstream, client: 192.168.65.1, server: , request: "POST /login HTTP/1.1", upstream: "fastcgi://172.19.0.3:9000", host: "localhost:8080", referrer: "http://localhost:8080/login"
2024/08/08 10:50:06 [warn] 31#31: *107 an upstream response is buffered to a temporary file /var/cache/nginx/fastcgi_temp/4/01/0000000014 while reading upstream, client: 192.168.65.1, server: , request: "POST /login HTTP/1.1", upstream: "fastcgi://172.19.0.3:9000", host: "localhost:8080", referrer: "http://localhost:8080/login"
2024/08/08 12:01:23 [warn] 31#31: *116 an upstream response is buffered to a temporary file /var/cache/nginx/fastcgi_temp/5/01/0000000015 while reading upstream, client: 192.168.65.1, server: , request: "POST /login HTTP/1.1", upstream: "fastcgi://172.19.0.3:9000", host: "localhost:8080", referrer: "http://localhost:8080/login"
2024/08/08 18:08:52 [warn] 31#31: *125 an upstream response is buffered to a temporary file /var/cache/nginx/fastcgi_temp/6/01/0000000016 while reading upstream, client: 192.168.65.1, server: , request: "POST /login HTTP/1.1", upstream: "fastcgi://172.19.0.3:9000", host: "localhost:8080", referrer: "http://localhost:8080/login"
2024/08/08 18:15:08 [warn] 31#31: *132 an upstream response is buffered to a temporary file /var/cache/nginx/fastcgi_temp/7/01/0000000017 while reading upstream, client: 192.168.65.1, server: , request: "POST /login HTTP/1.1", upstream: "fastcgi://172.19.0.3:9000", host: "localhost:8080", referrer: "http://localhost:8080/login"
2024/08/08 18:22:41 [notice] 1#1: signal 3 (SIGQUIT) received, shutting down
2024/08/08 18:22:41 [notice] 29#29: gracefully shutting down
2024/08/08 18:22:41 [notice] 29#29: exiting
2024/08/08 18:22:41 [notice] 31#31: gracefully shutting down
2024/08/08 18:22:41 [notice] 32#32: gracefully shutting down
2024/08/08 18:22:41 [notice] 32#32: exiting
2024/08/08 18:22:41 [notice] 30#30: gracefully shutting down
2024/08/08 18:22:41 [notice] 33#33: gracefully shutting down
2024/08/08 18:22:41 [notice] 34#34: gracefully shutting down
2024/08/08 18:22:41 [notice] 36#36: gracefully shutting down
2024/08/08 18:22:41 [notice] 35#35: gracefully shutting down
2024/08/08 18:22:41 [notice] 29#29: exit
2024/08/08 18:22:41 [notice] 31#31: exiting
2024/08/08 18:22:41 [notice] 32#32: exit
2024/08/08 18:22:41 [notice] 30#30: exiting
2024/08/08 18:22:41 [notice] 33#33: exiting
2024/08/08 18:22:41 [notice] 34#34: exiting
2024/08/08 18:22:41 [notice] 36#36: exiting
2024/08/08 18:22:41 [notice] 35#35: exiting
2024/08/08 18:22:41 [notice] 31#31: exit
2024/08/08 18:22:41 [notice] 35#35: exit
2024/08/08 18:22:41 [notice] 30#30: exit
2024/08/08 18:22:41 [notice] 33#33: exit
2024/08/08 18:22:41 [notice] 34#34: exit
2024/08/08 18:22:41 [notice] 36#36: exit
2024/08/08 18:22:41 [notice] 1#1: signal 17 (SIGCHLD) received from 31
2024/08/08 18:22:41 [notice] 1#1: worker process 31 exited with code 0
2024/08/08 18:22:41 [notice] 1#1: signal 29 (SIGIO) received
2024/08/08 18:22:41 [notice] 1#1: signal 17 (SIGCHLD) received from 35
2024/08/08 18:22:41 [notice] 1#1: worker process 29 exited with code 0
2024/08/08 18:22:41 [notice] 1#1: worker process 30 exited with code 0
2024/08/08 18:22:41 [notice] 1#1: worker process 32 exited with code 0
2024/08/08 18:22:41 [notice] 1#1: worker process 33 exited with code 0
2024/08/08 18:22:41 [notice] 1#1: worker process 34 exited with code 0
2024/08/08 18:22:41 [notice] 1#1: worker process 35 exited with code 0
2024/08/08 18:22:41 [notice] 1#1: worker process 36 exited with code 0
2024/08/08 18:22:41 [notice] 1#1: exit
2024/08/08 18:22:58 [emerg] 1#1: host not found in upstream "php" in /etc/nginx/conf.d/default.conf:18
2024/08/08 18:23:02 [emerg] 1#1: host not found in upstream "php" in /etc/nginx/conf.d/default.conf:18
2024/08/08 18:23:08 [notice] 1#1: using the "epoll" event method
2024/08/08 18:23:08 [notice] 1#1: nginx/1.27.0
2024/08/08 18:23:08 [notice] 1#1: built by gcc 13.2.1 20231014 (Alpine 13.2.1_git20231014) 
2024/08/08 18:23:08 [notice] 1#1: OS: Linux 6.6.32-linuxkit
2024/08/08 18:23:08 [notice] 1#1: getrlimit(RLIMIT_NOFILE): 1048576:1048576
2024/08/08 18:23:08 [notice] 1#1: start worker processes
2024/08/08 18:23:08 [notice] 1#1: start worker process 29
2024/08/08 18:23:08 [notice] 1#1: start worker process 30
2024/08/08 18:23:08 [notice] 1#1: start worker process 31
2024/08/08 18:23:08 [notice] 1#1: start worker process 32
2024/08/08 18:23:08 [notice] 1#1: start worker process 33
2024/08/08 18:23:08 [notice] 1#1: start worker process 34
2024/08/08 18:23:08 [notice] 1#1: start worker process 35
2024/08/08 18:23:08 [notice] 1#1: start worker process 36
2024/08/08 18:23:19 [warn] 29#29: *1 an upstream response is buffered to a temporary file /var/cache/nginx/fastcgi_temp/1/00/0000000001 while reading upstream, client: 192.168.65.1, server: , request: "POST /login HTTP/1.1", upstream: "fastcgi://172.19.0.3:9000", host: "localhost:8080", referrer: "http://localhost:8080/login"
2024/08/08 18:36:11 [warn] 31#31: *7 an upstream response is buffered to a temporary file /var/cache/nginx/fastcgi_temp/2/00/0000000002 while reading upstream, client: 192.168.65.1, server: , request: "POST /login HTTP/1.1", upstream: "fastcgi://172.19.0.3:9000", host: "localhost:8080", referrer: "http://localhost:8080/login"
2024/08/08 18:53:53 [warn] 33#33: *12 an upstream response is buffered to a temporary file /var/cache/nginx/fastcgi_temp/3/00/0000000003 while reading upstream, client: 192.168.65.1, server: , request: "POST /login HTTP/1.1", upstream: "fastcgi://172.19.0.3:9000", host: "localhost:8080", referrer: "http://localhost:8080/login"
2024/08/08 18:59:16 [warn] 36#36: *21 an upstream response is buffered to a temporary file /var/cache/nginx/fastcgi_temp/4/00/0000000004 while reading upstream, client: 192.168.65.1, server: , request: "POST /login HTTP/1.1", upstream: "fastcgi://172.19.0.3:9000", host: "localhost:8080", referrer: "http://localhost:8080/login"
2024/08/08 19:11:05 [notice] 1#1: signal 3 (SIGQUIT) received, shutting down
2024/08/08 19:11:05 [notice] 29#29: gracefully shutting down
2024/08/08 19:11:05 [notice] 30#30: gracefully shutting down
2024/08/08 19:11:05 [notice] 30#30: exiting
2024/08/08 19:11:05 [notice] 31#31: gracefully shutting down
2024/08/08 19:11:05 [notice] 31#31: exiting
2024/08/08 19:11:05 [notice] 32#32: gracefully shutting down
2024/08/08 19:11:05 [notice] 32#32: exiting
2024/08/08 19:11:05 [notice] 33#33: gracefully shutting down
2024/08/08 19:11:05 [notice] 35#35: gracefully shutting down
2024/08/08 19:11:05 [notice] 35#35: exiting
2024/08/08 19:11:05 [notice] 36#36: gracefully shutting down
2024/08/08 19:11:05 [notice] 36#36: exiting
2024/08/08 19:11:05 [notice] 34#34: gracefully shutting down
2024/08/08 19:11:05 [notice] 34#34: exiting
2024/08/08 19:11:05 [notice] 29#29: exiting
2024/08/08 19:11:05 [notice] 30#30: exit
2024/08/08 19:11:05 [notice] 31#31: exit
2024/08/08 19:11:05 [notice] 32#32: exit
2024/08/08 19:11:05 [notice] 33#33: exiting
2024/08/08 19:11:05 [notice] 35#35: exit
2024/08/08 19:11:05 [notice] 36#36: exit
2024/08/08 19:11:05 [notice] 34#34: exit
2024/08/08 19:11:05 [notice] 29#29: exit
2024/08/08 19:11:05 [notice] 33#33: exit
2024/08/08 19:11:05 [notice] 1#1: signal 17 (SIGCHLD) received from 34
2024/08/08 19:11:05 [notice] 1#1: worker process 29 exited with code 0
2024/08/08 19:11:05 [notice] 1#1: worker process 30 exited with code 0
2024/08/08 19:11:05 [notice] 1#1: worker process 31 exited with code 0
2024/08/08 19:11:05 [notice] 1#1: worker process 32 exited with code 0
2024/08/08 19:11:05 [notice] 1#1: worker process 33 exited with code 0
2024/08/08 19:11:05 [notice] 1#1: worker process 34 exited with code 0
2024/08/08 19:11:05 [notice] 1#1: worker process 35 exited with code 0
2024/08/08 19:11:05 [notice] 1#1: worker process 36 exited with code 0
2024/08/08 19:11:05 [notice] 1#1: exit
2024/08/08 19:13:35 [notice] 1#1: using the "epoll" event method
2024/08/08 19:13:35 [notice] 1#1: nginx/1.27.0
2024/08/08 19:13:35 [notice] 1#1: built by gcc 13.2.1 20231014 (Alpine 13.2.1_git20231014) 
2024/08/08 19:13:35 [notice] 1#1: OS: Linux 6.6.32-linuxkit
2024/08/08 19:13:35 [notice] 1#1: getrlimit(RLIMIT_NOFILE): 1048576:1048576
2024/08/08 19:13:35 [notice] 1#1: start worker processes
2024/08/08 19:13:35 [notice] 1#1: start worker process 28
2024/08/08 19:13:35 [notice] 1#1: start worker process 29
2024/08/08 19:13:35 [notice] 1#1: start worker process 30
2024/08/08 19:13:35 [notice] 1#1: start worker process 31
2024/08/08 19:13:35 [notice] 1#1: start worker process 32
2024/08/08 19:13:35 [notice] 1#1: start worker process 33
2024/08/08 19:13:35 [notice] 1#1: start worker process 34
2024/08/08 19:13:35 [notice] 1#1: start worker process 35
2024/08/08 19:14:19 [warn] 28#28: *1 an upstream response is buffered to a temporary file /var/cache/nginx/fastcgi_temp/1/00/0000000001 while reading upstream, client: 192.168.65.1, server: , request: "POST /login HTTP/1.1", upstream: "fastcgi://172.19.0.4:9000", host: "localhost:8080", referrer: "http://localhost:8080/login"
2024/08/08 19:15:03 [warn] 28#28: *1 an upstream response is buffered to a temporary file /var/cache/nginx/fastcgi_temp/2/00/0000000002 while reading upstream, client: 192.168.65.1, server: , request: "POST /login HTTP/1.1", upstream: "fastcgi://172.19.0.4:9000", host: "localhost:8080", referrer: "http://localhost:8080/login"
2024/08/08 19:17:49 [warn] 32#32: *14 an upstream response is buffered to a temporary file /var/cache/nginx/fastcgi_temp/3/00/0000000003 while reading upstream, client: 192.168.65.1, server: , request: "POST /login HTTP/1.1", upstream: "fastcgi://172.19.0.4:9000", host: "localhost:8080", referrer: "http://localhost:8080/login"
2024/08/08 19:38:01 [warn] 35#35: *21 an upstream response is buffered to a temporary file /var/cache/nginx/fastcgi_temp/4/00/0000000004 while reading upstream, client: 192.168.65.1, server: , request: "POST /login HTTP/1.1", upstream: "fastcgi://172.19.0.4:9000", host: "localhost:8080", referrer: "http://localhost:8080/login"
2024/08/08 20:05:24 [error] 28#28: *31 upstream timed out (110: Operation timed out) while reading response header from upstream, client: 192.168.65.1, server: , request: "POST /login HTTP/1.1", upstream: "fastcgi://172.19.0.4:9000", host: "localhost:8080", referrer: "http://localhost:8080/login"
2024/08/08 20:07:00 [warn] 28#28: *31 an upstream response is buffered to a temporary file /var/cache/nginx/fastcgi_temp/5/00/0000000005 while reading upstream, client: 192.168.65.1, server: , request: "POST /login HTTP/1.1", upstream: "fastcgi://172.19.0.4:9000", host: "localhost:8080", referrer: "http://localhost:8080/login"
2024/08/08 20:11:03 [warn] 29#29: *40 an upstream response is buffered to a temporary file /var/cache/nginx/fastcgi_temp/6/00/0000000006 while reading upstream, client: 192.168.65.1, server: , request: "POST /login HTTP/1.1", upstream: "fastcgi://172.19.0.4:9000", host: "localhost:8080", referrer: "http://localhost:8080/login"
2024/08/08 20:30:12 [warn] 28#28: *49 an upstream response is buffered to a temporary file /var/cache/nginx/fastcgi_temp/7/00/0000000007 while reading upstream, client: 192.168.65.1, server: , request: "POST /login HTTP/1.1", upstream: "fastcgi://172.19.0.4:9000", host: "localhost:8080", referrer: "http://localhost:8080/login"
